21:39:42.019 INFO [main] org.lenskit.cli.Main: Starting LensKit 3.0-M1 on Java 1.8.0_181 from Oracle Corporation
21:39:42.049 DEBUG [main] org.lenskit.LenskitInfo: have 5573 active revisions
21:39:42.053 DEBUG [main] org.lenskit.cli.Main: Built from Git revision c0210fa3281ef8b15b0959bcd5fced43c5fec38a
21:39:42.053 DEBUG [main] org.lenskit.cli.Main: Using VM 'Java HotSpot(TM) 64-Bit Server VM' version 25.181-b13 from Oracle Corporation
21:39:42.053 INFO [main] org.lenskit.cli.Main: Have 8 processors and heap limit of 3607 MiB
21:39:42.072 INFO [main] org.lenskit.cli.util.RecommenderLoader: creating fresh recommender
21:39:42.348 INFO [main] org.lenskit.config.ConfigurationLoader: loading script from file:/C:/Users/jpall/D/thesis/Coursera_Reco_Course/projects/RecommenderSystem_Assignment2/cbf-assignment/etc/weighted.groovy
21:39:42.856 DEBUG [main] org.lenskit.data.dao.file.TextEntitySource: loading source ratings with base URI file:/C:/Users/jpall/D/thesis/Coursera_Reco_Course/projects/RecommenderSystem_Assignment2/cbf-assignment/data/movielens.yml
21:39:42.856 DEBUG [main] org.lenskit.data.dao.file.TextEntitySource: resolved file URI: file:/C:/Users/jpall/D/thesis/Coursera_Reco_Course/projects/RecommenderSystem_Assignment2/cbf-assignment/data/ratings.csv
21:39:42.866 INFO [main] org.lenskit.data.dao.file.TextEntitySource: loading text file source ratings to read from file:/C:/Users/jpall/D/thesis/Coursera_Reco_Course/projects/RecommenderSystem_Assignment2/cbf-assignment/data/ratings.csv
21:39:42.868 DEBUG [main] org.lenskit.data.dao.file.TextEntitySource: ratings: using delimiter ,
21:39:42.868 DEBUG [main] org.lenskit.data.dao.file.TextEntitySource: ratings: reading header
21:39:42.868 DEBUG [main] org.lenskit.data.dao.file.TextEntitySource: ratings: reading entities of type EntityType[rating]
21:39:42.905 DEBUG [main] org.lenskit.data.dao.file.TextEntitySource: class org.lenskit.data.ratings.RatingBuilder: using entity builder {}
21:39:42.905 DEBUG [main] org.lenskit.data.dao.file.TextEntitySource: loading source movies with base URI file:/C:/Users/jpall/D/thesis/Coursera_Reco_Course/projects/RecommenderSystem_Assignment2/cbf-assignment/data/movielens.yml
21:39:42.905 DEBUG [main] org.lenskit.data.dao.file.TextEntitySource: resolved file URI: file:/C:/Users/jpall/D/thesis/Coursera_Reco_Course/projects/RecommenderSystem_Assignment2/cbf-assignment/data/movies.csv
21:39:42.905 INFO [main] org.lenskit.data.dao.file.TextEntitySource: loading text file source movies to read from file:/C:/Users/jpall/D/thesis/Coursera_Reco_Course/projects/RecommenderSystem_Assignment2/cbf-assignment/data/movies.csv
21:39:42.905 DEBUG [main] org.lenskit.data.dao.file.TextEntitySource: movies: using delimiter ,
21:39:42.905 DEBUG [main] org.lenskit.data.dao.file.TextEntitySource: movies: reading header
21:39:42.905 DEBUG [main] org.lenskit.data.dao.file.TextEntitySource: movies: reading entities of type EntityType[item]
21:39:42.909 DEBUG [main] org.lenskit.data.dao.file.TextEntitySource: class org.lenskit.data.entities.BasicEntityBuilder: using entity builder {}
21:39:42.909 DEBUG [main] org.lenskit.data.dao.file.TextEntitySource: loading source tags with base URI file:/C:/Users/jpall/D/thesis/Coursera_Reco_Course/projects/RecommenderSystem_Assignment2/cbf-assignment/data/movielens.yml
21:39:42.909 DEBUG [main] org.lenskit.data.dao.file.TextEntitySource: resolved file URI: file:/C:/Users/jpall/D/thesis/Coursera_Reco_Course/projects/RecommenderSystem_Assignment2/cbf-assignment/data/tags.csv
21:39:42.909 INFO [main] org.lenskit.data.dao.file.TextEntitySource: loading text file source tags to read from file:/C:/Users/jpall/D/thesis/Coursera_Reco_Course/projects/RecommenderSystem_Assignment2/cbf-assignment/data/tags.csv
21:39:42.909 DEBUG [main] org.lenskit.data.dao.file.TextEntitySource: tags: using delimiter ,
21:39:42.909 DEBUG [main] org.lenskit.data.dao.file.TextEntitySource: tags: reading header
21:39:42.909 DEBUG [main] org.lenskit.data.dao.file.TextEntitySource: tags: reading entities of type EntityType[item-tag]
21:39:42.916 DEBUG [main] org.lenskit.data.dao.file.TextEntitySource: class org.lenskit.data.entities.BasicEntityBuilder: using entity builder {}
21:39:42.922 DEBUG [main] org.lenskit.LenskitRecommenderEngineBuilder: building graph from 3 configurations
21:39:42.984 DEBUG [main] org.lenskit.inject.RecommenderInstantiator: replacing nodes in graph with 14 nodes
21:39:42.989 DEBUG [main] org.lenskit.inject.RecommenderInstantiator: found 4 shared nodes
21:39:43.933 INFO [main] org.lenskit.data.dao.file.StaticDataSource: deriving entity type EntityType[user] from EntityType[rating] (column TypedName[user: long])
21:39:44.016 INFO [main] org.lenskit.data.dao.file.StaticDataSource: deriving entity type EntityType[item] from EntityType[rating] (column TypedName[item: long])
21:39:44.036 INFO [main] org.lenskit.data.dao.file.StaticDataSource: deriving entity type EntityType[user] from EntityType[item-tag] (column TypedName[user: long])
21:39:44.055 INFO [main] org.lenskit.data.dao.file.StaticDataSource: deriving entity type EntityType[item] from EntityType[item-tag] (column TypedName[item: long])
21:39:44.083 DEBUG [main] org.lenskit.data.entities.EntityCollectionBuilder: built collection of 2500 entities with type EntityType[item] and 2 indexes
21:39:44.108 DEBUG [main] org.lenskit.data.entities.EntityCollectionBuilder: built collection of 264505 entities with type EntityType[rating] and 2 indexes
21:39:44.120 DEBUG [main] org.lenskit.data.entities.EntityCollectionBuilder: built collection of 94875 entities with type EntityType[item-tag] and 2 indexes
21:39:44.120 DEBUG [main] org.lenskit.data.entities.EntityCollectionBuilder: built collection of 862 entities with type EntityType[user] and 2 indexes
21:39:44.430 INFO [main] org.lenskit.mooc.cbf.TFIDFModelProvider: Building TF-IDF model
21:39:44.527 INFO [main] org.lenskit.mooc.cbf.TFIDFModelProvider: Computed TF vectors for 2500 items
21:39:44.571 DEBUG [main] org.lenskit.inject.RecommenderInstantiator: final graph has 14 nodes
21:39:44.573 INFO [main] org.lenskit.cli.util.RecommenderLoader: built recommender in 1.652 s
21:39:44.581 INFO [main] org.lenskit.cli.commands.Recommend: recommending for 1 users
21:39:44.591 DEBUG [main] org.lenskit.basic.TopNItemRecommender: computing effective candidates for user 320 from 2500 candidates and 62 excluded items
21:39:44.593 DEBUG [main] org.lenskit.basic.TopNItemRecommender: Computing 10 recommendations for user 320 from 2438 candidates
21:39:44.928 INFO [main] org.lenskit.cli.commands.Recommend: recommended for 1 users in 346.1 ms
21:39:44.928 INFO [main] org.lenskit.cli.Main: If you use LensKit in published research, please see http://lenskit.org/research/
