15:31:46.511 INFO [main] org.lenskit.cli.Main: Starting LensKit 3.0-M1 on Java 1.8.0_181 from Oracle Corporation
15:31:46.532 DEBUG [main] org.lenskit.LenskitInfo: have 5573 active revisions
15:31:46.537 DEBUG [main] org.lenskit.cli.Main: Built from Git revision c0210fa3281ef8b15b0959bcd5fced43c5fec38a
15:31:46.537 DEBUG [main] org.lenskit.cli.Main: Using VM 'Java HotSpot(TM) 64-Bit Server VM' version 25.181-b13 from Oracle Corporation
15:31:46.537 INFO [main] org.lenskit.cli.Main: Have 8 processors and heap limit of 3607 MiB
15:31:46.553 INFO [main] org.lenskit.cli.util.RecommenderLoader: creating fresh recommender
15:31:46.781 INFO [main] org.lenskit.config.ConfigurationLoader: loading script from file:/C:/Users/jpall/D/thesis/Coursera_Reco_Course/projects/RecommenderSystem_Assignment2/cbf-assignment/etc/basic.groovy
15:31:47.192 DEBUG [main] org.lenskit.data.dao.file.TextEntitySource: loading source ratings with base URI file:/C:/Users/jpall/D/thesis/Coursera_Reco_Course/projects/RecommenderSystem_Assignment2/cbf-assignment/data/movielens.yml
15:31:47.193 DEBUG [main] org.lenskit.data.dao.file.TextEntitySource: resolved file URI: file:/C:/Users/jpall/D/thesis/Coursera_Reco_Course/projects/RecommenderSystem_Assignment2/cbf-assignment/data/ratings.csv
15:31:47.202 INFO [main] org.lenskit.data.dao.file.TextEntitySource: loading text file source ratings to read from file:/C:/Users/jpall/D/thesis/Coursera_Reco_Course/projects/RecommenderSystem_Assignment2/cbf-assignment/data/ratings.csv
15:31:47.207 DEBUG [main] org.lenskit.data.dao.file.TextEntitySource: ratings: using delimiter ,
15:31:47.207 DEBUG [main] org.lenskit.data.dao.file.TextEntitySource: ratings: reading header
15:31:47.207 DEBUG [main] org.lenskit.data.dao.file.TextEntitySource: ratings: reading entities of type EntityType[rating]
15:31:47.240 DEBUG [main] org.lenskit.data.dao.file.TextEntitySource: class org.lenskit.data.ratings.RatingBuilder: using entity builder {}
15:31:47.240 DEBUG [main] org.lenskit.data.dao.file.TextEntitySource: loading source movies with base URI file:/C:/Users/jpall/D/thesis/Coursera_Reco_Course/projects/RecommenderSystem_Assignment2/cbf-assignment/data/movielens.yml
15:31:47.240 DEBUG [main] org.lenskit.data.dao.file.TextEntitySource: resolved file URI: file:/C:/Users/jpall/D/thesis/Coursera_Reco_Course/projects/RecommenderSystem_Assignment2/cbf-assignment/data/movies.csv
15:31:47.240 INFO [main] org.lenskit.data.dao.file.TextEntitySource: loading text file source movies to read from file:/C:/Users/jpall/D/thesis/Coursera_Reco_Course/projects/RecommenderSystem_Assignment2/cbf-assignment/data/movies.csv
15:31:47.240 DEBUG [main] org.lenskit.data.dao.file.TextEntitySource: movies: using delimiter ,
15:31:47.240 DEBUG [main] org.lenskit.data.dao.file.TextEntitySource: movies: reading header
15:31:47.240 DEBUG [main] org.lenskit.data.dao.file.TextEntitySource: movies: reading entities of type EntityType[item]
15:31:47.241 DEBUG [main] org.lenskit.data.dao.file.TextEntitySource: class org.lenskit.data.entities.BasicEntityBuilder: using entity builder {}
15:31:47.241 DEBUG [main] org.lenskit.data.dao.file.TextEntitySource: loading source tags with base URI file:/C:/Users/jpall/D/thesis/Coursera_Reco_Course/projects/RecommenderSystem_Assignment2/cbf-assignment/data/movielens.yml
15:31:47.241 DEBUG [main] org.lenskit.data.dao.file.TextEntitySource: resolved file URI: file:/C:/Users/jpall/D/thesis/Coursera_Reco_Course/projects/RecommenderSystem_Assignment2/cbf-assignment/data/tags.csv
15:31:47.241 INFO [main] org.lenskit.data.dao.file.TextEntitySource: loading text file source tags to read from file:/C:/Users/jpall/D/thesis/Coursera_Reco_Course/projects/RecommenderSystem_Assignment2/cbf-assignment/data/tags.csv
15:31:47.241 DEBUG [main] org.lenskit.data.dao.file.TextEntitySource: tags: using delimiter ,
15:31:47.241 DEBUG [main] org.lenskit.data.dao.file.TextEntitySource: tags: reading header
15:31:47.241 DEBUG [main] org.lenskit.data.dao.file.TextEntitySource: tags: reading entities of type EntityType[item-tag]
15:31:47.243 DEBUG [main] org.lenskit.data.dao.file.TextEntitySource: class org.lenskit.data.entities.BasicEntityBuilder: using entity builder {}
15:31:47.249 DEBUG [main] org.lenskit.LenskitRecommenderEngineBuilder: building graph from 3 configurations
15:31:47.303 DEBUG [main] org.lenskit.inject.RecommenderInstantiator: replacing nodes in graph with 14 nodes
15:31:47.308 DEBUG [main] org.lenskit.inject.RecommenderInstantiator: found 4 shared nodes
15:31:48.106 INFO [main] org.lenskit.data.dao.file.StaticDataSource: deriving entity type EntityType[user] from EntityType[rating] (column TypedName[user: long])
15:31:48.172 INFO [main] org.lenskit.data.dao.file.StaticDataSource: deriving entity type EntityType[item] from EntityType[rating] (column TypedName[item: long])
15:31:48.196 INFO [main] org.lenskit.data.dao.file.StaticDataSource: deriving entity type EntityType[user] from EntityType[item-tag] (column TypedName[user: long])
15:31:48.216 INFO [main] org.lenskit.data.dao.file.StaticDataSource: deriving entity type EntityType[item] from EntityType[item-tag] (column TypedName[item: long])
15:31:48.239 DEBUG [main] org.lenskit.data.entities.EntityCollectionBuilder: built collection of 2500 entities with type EntityType[item] and 2 indexes
15:31:48.257 DEBUG [main] org.lenskit.data.entities.EntityCollectionBuilder: built collection of 264505 entities with type EntityType[rating] and 2 indexes
15:31:48.264 DEBUG [main] org.lenskit.data.entities.EntityCollectionBuilder: built collection of 94875 entities with type EntityType[item-tag] and 2 indexes
15:31:48.264 DEBUG [main] org.lenskit.data.entities.EntityCollectionBuilder: built collection of 862 entities with type EntityType[user] and 2 indexes
15:31:48.269 INFO [main] org.lenskit.mooc.cbf.TFIDFModelProvider: Building TF-IDF model
15:31:48.621 INFO [main] org.lenskit.mooc.cbf.TFIDFModelProvider: Computed TF vectors for 2500 items
15:31:48.683 DEBUG [main] org.lenskit.inject.RecommenderInstantiator: final graph has 14 nodes
15:31:48.683 INFO [main] org.lenskit.cli.util.RecommenderLoader: built recommender in 1.443 s
15:31:48.699 INFO [main] org.lenskit.cli.commands.Recommend: recommending for 1 users
15:31:48.699 DEBUG [main] org.lenskit.basic.TopNItemRecommender: computing effective candidates for user 320 from 2500 candidates and 62 excluded items
15:31:48.714 DEBUG [main] org.lenskit.basic.TopNItemRecommender: Computing 10 recommendations for user 320 from 2438 candidates
15:31:49.075 INFO [main] org.lenskit.cli.commands.Recommend: recommended for 1 users in 376.7 ms
15:31:49.075 INFO [main] org.lenskit.cli.Main: If you use LensKit in published research, please see http://lenskit.org/research/
